<?xml version="1.0" encoding="UTF-8"?>
<robot generator="Robot 6.0.2 (Python 3.11.2 on win32)" generated="20230221 09:54:29.852" rpa="false" schemaversion="3">
<suite id="s1" name="testDemo1" source="C:\Users\tanmay.garg\coding\robot\tests\testDemo1.robot">
<test id="s1-t1" name="Validate Successful Login" line="15">
<kw name="Open browser" library="resource" type="SETUP">
<kw name="Create Webdriver" library="SeleniumLibrary">
<arg>Chrome</arg>
<arg>executable_path=C:/Users/tanmay.garg/coding/robot/chromedriver.exe</arg>
<doc>Creates an instance of Selenium WebDriver.</doc>
<msg timestamp="20230221 09:54:29.985" level="INFO">Creating an instance of the Chrome WebDriver.</msg>
<status status="PASS" starttime="20230221 09:54:29.984" endtime="20230221 09:54:31.085"/>
</kw>
<kw name="Go To" library="SeleniumLibrary">
<arg>https://practicetestautomation.com/practice-test-login/</arg>
<doc>Navigates the current browser window to the provided ``url``.</doc>
<msg timestamp="20230221 09:54:31.086" level="INFO">Opening url 'https://practicetestautomation.com/practice-test-login/'</msg>
<status status="PASS" starttime="20230221 09:54:31.086" endtime="20230221 09:54:34.641"/>
</kw>
<status status="PASS" starttime="20230221 09:54:29.984" endtime="20230221 09:54:34.641"/>
</kw>
<kw name="Fill the login form">
<kw name="Input Text" library="SeleniumLibrary">
<arg>id:usernime</arg>
<arg>${username}</arg>
<doc>Types the given ``text`` into the text field identified by ``locator``.</doc>
<msg timestamp="20230221 09:54:34.642" level="INFO">Typing text 'student' into text field 'id:usernime'.</msg>
<msg timestamp="20230221 09:54:34.734" level="INFO" html="true">&lt;/td&gt;&lt;/tr&gt;&lt;tr&gt;&lt;td colspan="3"&gt;&lt;a href="selenium-screenshot-4.png"&gt;&lt;img src="selenium-screenshot-4.png" width="800px"&gt;&lt;/a&gt;</msg>
<msg timestamp="20230221 09:54:34.734" level="FAIL">Element with locator 'id:usernime' not found.</msg>
<status status="FAIL" starttime="20230221 09:54:34.642" endtime="20230221 09:54:34.736"/>
</kw>
<kw name="Input Password" library="SeleniumLibrary">
<arg>id:password</arg>
<arg>${password}</arg>
<doc>Types the given password into the text field identified by ``locator``.</doc>
<status status="NOT RUN" starttime="20230221 09:54:34.736" endtime="20230221 09:54:34.736"/>
</kw>
<kw name="Click Button" library="SeleniumLibrary">
<arg>id:submit</arg>
<doc>Clicks the button identified by ``locator``.</doc>
<status status="NOT RUN" starttime="20230221 09:54:34.736" endtime="20230221 09:54:34.736"/>
</kw>
<status status="FAIL" starttime="20230221 09:54:34.642" endtime="20230221 09:54:34.736"/>
</kw>
<kw name="Wait until the logout button is visible">
<status status="NOT RUN" starttime="20230221 09:54:34.737" endtime="20230221 09:54:34.737"/>
</kw>
<kw name="Verify the text on button in log out">
<status status="NOT RUN" starttime="20230221 09:54:34.737" endtime="20230221 09:54:34.737"/>
</kw>
<status status="FAIL" starttime="20230221 09:54:29.984" endtime="20230221 09:54:34.738">Element with locator 'id:usernime' not found.</status>
</test>
<doc>To validate the Login form</doc>
<status status="FAIL" starttime="20230221 09:54:29.853" endtime="20230221 09:54:34.740"/>
</suite>
<statistics>
<total>
<stat pass="0" fail="1" skip="0">All Tests</stat>
</total>
<tag>
</tag>
<suite>
<stat pass="0" fail="1" skip="0" id="s1" name="testDemo1">testDemo1</stat>
</suite>
</statistics>
<errors>
</errors>
</robot>
